<?xml version="1.0" encoding="UTF-8"?>
<!-- Generated by org.testng.reporters.JUnitReportReporter -->
<testsuite skipped="0" hostname="HYDPCM144977L" name="TestCases.InValid_LoginTest" tests="1" failures="0" timestamp="26 Sep 2020 06:27:05 GMT" time="20.721" errors="0">
  <testcase name="InvalidLoginTest" time="20.721" classname="TestCases.InValid_LoginTest"/>
</testsuite> <!-- TestCases.InValid_LoginTest -->
