<?xml version="1.0" encoding="UTF-8"?>
<!-- Generated by org.testng.reporters.JUnitReportReporter -->
<testsuite skipped="0" hostname="HYDPCM144977L" name="tests.LoginTests" tests="1" failures="0" timestamp="18 Sep 2020 07:03:06 GMT" time="24.421" errors="0">
  <testcase name="validLoginTest" time="24.421" classname="tests.LoginTests"/>
</testsuite> <!-- tests.LoginTests -->
