<?xml version="1.0" encoding="UTF-8"?>
<!-- Generated by org.testng.reporters.JUnitReportReporter -->
<testsuite skipped="0" hostname="HYDPCM144977L" name="TestCases.LoginTests" tests="1" failures="0" timestamp="25 Sep 2020 05:31:59 GMT" time="20.369" errors="0">
  <testcase name="validLoginTest" time="20.369" classname="TestCases.LoginTests"/>
</testsuite> <!-- TestCases.LoginTests -->
