<?xml version="1.0" encoding="UTF-8"?>
<!-- Generated by org.testng.reporters.JUnitReportReporter -->
<testsuite skipped="0" hostname="HYDPCM144977L" name="TestCases.Valid_LoginTest" tests="1" failures="0" timestamp="26 Sep 2020 06:27:05 GMT" time="52.776" errors="0">
  <testcase name="validLoginTest" time="52.776" classname="TestCases.Valid_LoginTest"/>
</testsuite> <!-- TestCases.Valid_LoginTest -->
