<?xml version="1.0" encoding="UTF-8"?>
<!-- Generated by org.testng.reporters.JUnitReportReporter -->
<testsuite hostname="HYDPCM144977L" failures="0" tests="1" name="TestCases.LoginTests" time="20.776" errors="0" timestamp="25 Sep 2020 05:16:28 GMT" skipped="0">
  <testcase classname="TestCases.LoginTests" name="validLoginTest" time="20.776"/>
</testsuite> <!-- TestCases.LoginTests -->
