<?xml version="1.0" encoding="UTF-8"?>
<!-- Generated by org.testng.reporters.JUnitReportReporter -->
<testsuite hostname="HYDPCM144977L" failures="0" tests="1" name="TestCases.InValid_LoginTest" time="16.972" errors="0" timestamp="26 Sep 2020 11:59:54 GMT" skipped="0">
  <testcase classname="TestCases.InValid_LoginTest" name="InvalidLoginTest" time="16.972"/>
</testsuite> <!-- TestCases.InValid_LoginTest -->
